<?xml version="1.0" encoding="UTF-8"?>
<!-- Generated by org.testng.reporters.JUnitReportReporter -->
<testsuite hostname="DESKTOP-3H9BJJT" failures="0" tests="1" name="GORMALONE_LLP_ASSESSMENT_ROUND_TestCases.GORMALONE_LLP" time="25.065" errors="0" timestamp="2022-10-16T22:28:45 IST" skipped="0">
  <testcase classname="GORMALONE_LLP_ASSESSMENT_ROUND_TestCases.GORMALONE_LLP" name="GORMALONE" time="25.065"/>
  <system-out/>
</testsuite> <!-- GORMALONE_LLP_ASSESSMENT_ROUND_TestCases.GORMALONE_LLP -->
